4

Step 0
03.516919 6.510185
13.516919 8.489815
24.699224 5.566408
34.699224 9.433592

Step 1
03.636423 6.492477
13.636423 8.507523
24.898447 5.632815
34.898447 9.367184

Step 2
03.809072 6.479568
13.809072 8.520432
25.097671 5.699223
35.097671 9.300776

Step 3
04.007343 6.475966
14.007343 8.524035
25.296894 5.765631
35.296894 9.234367

Step 4
04.217338 6.477411
14.217338 8.522590
25.496118 5.832038
35.496118 9.167959

Step 5
04.426630 6.478952
14.426630 8.521048
25.696591 5.894573
35.696591 9.105425

Step 6
04.635921 6.480487
14.635921 8.519512
25.897064 5.957107
35.897064 9.042891

Step 7
04.635921 6.480487
14.635921 8.519512
26.101653 5.989736
36.101653 9.010261

Step 8
04.622329 6.482439
14.622329 8.517561
26.204167 5.957289
36.204167 9.042707

Step 9
04.610096 6.484195
14.610096 8.515805
26.223683 5.884269
36.223683 9.115727

Step 10
04.599086 6.485775
14.599086 8.514225
26.172976 5.815657
36.172975 9.184340

Step 11
04.589178 6.487198
14.589178 8.512802
26.106799 5.776748
36.106799 9.223249

Step 12
04.589178 6.487198
14.589178 8.512802
26.046119 5.749074
36.046119 9.250924

Step 13
04.589178 6.487198
14.589178 8.512802
25.991508 5.724166
35.991507 9.275831

Step 14
04.589178 6.487198
14.589178 8.512802
25.942357 5.701749
35.942356 9.298248

Step 15
04.589178 6.487198
14.589178 8.512802
25.898121 5.681574
35.898120 9.318423

Step 16
04.589178 6.487198
14.589178 8.512802
25.858309 5.663417
35.858308 9.336581

Step 17
04.589178 6.487198
14.589178 8.512802
25.822478 5.647075
35.822477 9.352923

Step 18
04.589178 6.487198
14.589178 8.512802
25.790230 5.632368
35.790230 9.367631

Step 19
04.589178 6.487198
14.589178 8.512802
25.761207 5.619131
35.761207 9.380868

Step 20
04.589178 6.487198
14.589178 8.512802
25.735086 5.607218
35.735086 9.392781

Step 21
04.589178 6.487198
14.589178 8.512802
25.711577 5.596496
35.711577 9.403503

Step 22
04.589178 6.487198
14.589178 8.512802
25.690420 5.586846
35.690420 9.413153

Step 23
04.589178 6.487198
14.589178 8.512802
25.671378 5.578162
35.671378 9.421838

Step 24
04.589178 6.487198
14.589178 8.512802
25.654240 5.570345
35.654240 9.429654

Step 25
04.589178 6.487198
14.589178 8.512802
25.638816 5.563311
35.638816 9.436688

Step 26
04.589178 6.487198
14.589178 8.512802
25.624934 5.556980
35.624934 9.443020

Step 27
04.589178 6.487198
14.589178 8.512802
25.612441 5.551282
35.612441 9.448718

Step 28
04.589178 6.487198
14.589178 8.512802
25.601196 5.546154
35.601196 9.453846

Step 29
04.589178 6.487198
14.589178 8.512802
25.591077 5.541538
35.591077 9.458462

Step 30
04.589178 6.487198
14.589178 8.512802
25.581969 5.537385
35.581969 9.462616

Step 31
04.680260 6.488478
14.580260 8.611522
25.573772 5.533646
35.574092 9.562305

Step 32
04.762234 6.489630
14.572234 8.700370
25.566395 5.530282
35.566683 9.656075

Step 33
04.836010 6.490667
14.565010 8.780333
25.559756 5.527253
35.560015 9.740467

Step 34
04.902410 6.491601
14.558509 8.852300
25.553780 5.524528
35.554013 9.816421

Step 35
04.962169 6.492440
14.552658 8.917069
25.548402 5.522075
35.548612 9.884779

Step 36
05.015952 6.493196
14.547392 8.975363
25.543561 5.519868
35.543751 9.946301

Step 37
05.064356 6.493876
14.542653 9.027826
25.539206 5.517881
35.539376 10.001671

Step 38
05.107921 6.494489
14.538388 9.075044
25.535285 5.516093
35.535438 10.051504

Step 39
05.147129 6.495040
14.534549 9.117539
25.531756 5.514483
35.531894 10.096354

Step 40
05.182416 6.495536
14.531094 9.155786
25.528581 5.513035
35.528705 10.136718

Step 41
05.214174 6.495982
14.527985 9.190207
25.525723 5.511732
35.525834 10.173046

Step 42
05.242757 6.496384
14.525186 9.221186
25.523150 5.510559
35.523251 10.205742

Step 43
05.268481 6.496746
14.522667 9.249067
25.520835 5.509503
35.520926 10.235168

Step 44
05.291633 6.497071
14.520401 9.274160
25.518752 5.508553
35.518833 10.261651

Step 45
05.312470 6.497364
14.518361 9.296744
25.516877 5.507697
35.516950 10.285486

Step 46
05.331223 6.497628
14.516524 9.317070
25.515189 5.506927
35.515254 10.306937

Step 47
05.348101 6.497865
14.514872 9.335363
25.513670 5.506235
35.513729 10.326243

Step 48
05.363291 6.498078
14.513385 9.351827
25.512303 5.505611
35.512356 10.343619

Step 49
05.376962 6.498271
14.512046 9.366644
25.511073 5.505050
35.511121 10.359258

Step 50
05.389266 6.498444
14.510842 9.379979
25.509966 5.504545
35.510009 10.373332

Step 51
05.400339 6.498599
14.509758 9.391981
25.508969 5.504091
35.509008 10.385999

Step 52
05.410305 6.498739
14.508782 9.402783
25.508969 5.504091
35.508107 10.397399

Step 53
05.419274 6.498865
14.507904 9.412505
25.508969 5.504091
35.507297 10.407660

Step 54
05.519274 6.498970
14.507113 9.421255
25.508969 5.504091
35.506567 10.416894

Step 55
05.617347 6.499073
14.506402 9.429130
25.508969 5.504091
35.505910 10.425204

Step 56
05.705612 6.499166
14.505762 9.436216
25.508969 5.504091
35.505320 10.432684

Step 57
05.785051 6.499249
14.505186 9.442595
25.508969 5.504091
35.504787 10.439416

Step 58
05.856546 6.499324
14.504667 9.448335
25.508969 5.504091
35.504309 10.445475

Step 59
05.920891 6.499392
14.504200 9.453501
25.508969 5.504091
35.503878 10.450927

Step 60
05.978802 6.499453
14.503780 9.458151
25.508969 5.504091
35.503490 10.455834

Step 61
06.030922 6.499507
14.503402 9.462336
25.508969 5.504091
35.503141 10.460251

Step 62
06.077830 6.499557
14.503062 9.466102
25.508969 5.504091
35.502827 10.464226

Step 63
06.120047 6.499601
14.502756 9.469492
25.508969 5.504091
35.502544 10.467803

Step 64
06.158042 6.499641
14.502481 9.472543
25.508969 5.504091
35.502290 10.471023

Step 65
06.192238 6.499677
14.502233 9.475288
25.508969 5.504091
35.502061 10.473921

Step 66
06.223014 6.499709
14.502009 9.477759
25.508969 5.504091
35.501855 10.476529

Step 67
06.250712 6.499738
14.501809 9.479983
25.508969 5.504091
35.501669 10.478876

Step 68
06.275641 6.499764
14.501628 9.481985
25.508969 5.504091
35.501503 10.480989

Step 69
06.298077 6.499788
14.501465 9.483787
25.508969 5.504091
35.501352 10.482889

Step 70
06.318269 6.499809
14.501319 9.485408
25.508969 5.504091
35.501217 10.484600

Step 71
06.336442 6.499828
14.501187 9.486867
25.508969 5.504091
35.501095 10.486140

Step 72
06.352798 6.499846
14.501068 9.488180
25.508969 5.504091
35.500986 10.487526

Step 73
06.367518 6.499861
14.500961 9.489362
25.508969 5.504091
35.500887 10.488773

Step 74
06.380766 6.499875
14.500865 9.490425
25.508969 5.504091
35.500798 10.489896

Step 75
06.392690 6.499887
14.500865 9.490425
25.508969 5.504091
35.500719 10.490906

Step 76
06.403421 6.499898
14.500865 9.490425
25.508969 5.504091
35.500719 10.490906

Step 77
06.503421 6.499907
14.500865 9.490425
25.508969 5.504091
35.500719 10.490906

Step 78
06.603079 6.499917
14.500865 9.490425
25.508969 5.504091
35.500719 10.490906

Step 79
06.692771 6.499925
14.500865 9.490425
25.508969 5.504091
35.500719 10.490906

Step 80
06.773494 6.499932
14.500865 9.490425
25.508969 5.504091
35.500719 10.490906

Step 81
06.846144 6.499939
14.500865 9.490425
25.508969 5.504091
35.500719 10.490906

Step 82
06.911530 6.499945
14.500865 9.490425
25.508969 5.504091
35.500719 10.490906

Step 83
06.970376 6.499950
14.500865 9.490425
25.508969 5.504091
35.500719 10.490906

Step 84
07.023339 6.499955
14.500865 9.490425
25.508969 5.504091
35.500719 10.490906

Step 85
07.071005 6.499959
14.500865 9.490425
25.508969 5.504091
35.500719 10.490906

Step 86
07.113904 6.499964
14.500865 9.490425
25.508969 5.504091
35.500719 10.490906

Step 87
07.152514 6.499968
14.500865 9.490425
25.508969 5.504091
35.500719 10.490906

Step 88
07.187263 6.499971
14.500865 9.490425
25.508969 5.504091
35.500719 10.490906

Step 89
07.218536 6.499974
14.500865 9.490425
25.508969 5.504091
35.500719 10.490906

Step 90
07.246683 6.499976
14.500865 9.490425
25.508969 5.504091
35.500719 10.490906

Step 91
07.272015 6.499979
14.500865 9.490425
25.508969 5.504091
35.500719 10.490906

Step 92
07.294813 6.499981
14.500865 9.490425
25.508969 5.504091
35.500719 10.490906

Step 93
07.315332 6.499983
14.500865 9.490425
25.508969 5.504091
35.500719 10.490906

Step 94
07.333799 6.499985
14.500865 9.490425
25.508969 5.504091
35.500719 10.490906

Step 95
07.350419 6.499986
14.500865 9.490425
25.508969 5.504091
35.500719 10.490906

Step 96
07.365377 6.499988
14.500865 9.490425
25.508969 5.504091
35.500719 10.490906

Step 97
07.378839 6.499989
14.500865 9.490425
25.508969 5.504091
35.500719 10.490906

Step 98
07.390955 6.499990
14.500865 9.490425
25.508969 5.504091
35.500719 10.490906

Step 99
07.401860 6.499991
14.500865 9.490425
25.508969 5.504091
35.500719 10.490906

Step 100
07.411627 6.599513
14.500865 9.490425
25.508969 5.504091
35.500719 10.490906

Step 101
07.420464 6.689562
14.500865 9.490425
25.508969 5.504091
35.500719 10.490906

Step 102
07.428418 6.770606
14.500865 9.490425
25.508969 5.504091
35.500719 10.490906

Step 103
07.435576 6.843545
14.500865 9.490425
25.508969 5.504091
35.500719 10.490906

Step 104
07.442019 6.909191
14.500865 9.490425
25.508969 5.504091
35.500719 10.490906

Step 105
07.447817 6.968272
14.500865 9.490425
25.508969 5.504091
35.500719 10.490906

Step 106
07.453035 7.021444
14.500865 9.490425
25.508969 5.504091
35.500719 10.490906

Step 107
07.457732 7.069300
14.500865 9.490425
25.508969 5.504091
35.500719 10.490906

Step 108
07.461958 7.112370
14.500865 9.490425
25.508969 5.504091
35.500719 10.490906

Step 109
07.465763 7.151133
14.500865 9.490425
25.508969 5.504091
35.500719 10.490906

Step 110
07.469186 7.186019
14.500865 9.490425
25.508969 5.504091
35.500719 10.490906

Step 111
07.472268 7.217418
14.500865 9.490425
25.508969 5.504091
35.500719 10.490906

Step 112
07.475041 7.245676
14.500865 9.490425
25.508969 5.504091
35.500719 10.490906

Step 113
07.477537 7.271109
14.500865 9.490425
25.508969 5.504091
35.500719 10.490906

Step 114
07.479783 7.293998
14.500865 9.490425
25.508969 5.504091
35.500719 10.490906

Step 115
07.481805 7.314598
14.500865 9.490425
25.508969 5.504091
35.500719 10.490906

Step 116
07.483624 7.333138
14.500865 9.490425
25.508969 5.504091
35.500719 10.490906

Step 117
07.485262 7.349824
14.500865 9.490425
25.508969 5.504091
35.500719 10.490906

Step 118
07.486736 7.364842
14.500865 9.490425
25.508969 5.504091
35.500719 10.490906

Step 119
07.488062 7.378358
14.500865 9.490425
25.508969 5.504091
35.500719 10.490906

Step 120
07.489256 7.390522
14.500865 9.490425
25.508969 5.504091
35.500719 10.490906

Step 121
07.490330 7.401470
14.500865 9.490425
25.508969 5.504091
35.500719 10.490906

Step 122
07.491210 7.501466
14.500865 9.490425
25.508969 5.504091
35.500719 10.490906

Step 123
07.492089 7.601319
14.500865 9.490425
25.508969 5.504091
35.500719 10.490906

Step 124
07.492880 7.691187
14.500865 9.490425
25.508969 5.504091
35.500719 10.490906

Step 125
07.493592 7.772069
14.500865 9.490425
25.508969 5.504091
35.500719 10.490906

Step 126
07.494233 7.844862
14.500865 9.490425
25.508969 5.504091
35.500719 10.490906

Step 127
07.494810 7.910376
14.500865 9.490425
25.508969 5.504091
35.500719 10.490906

Step 128
07.495329 7.969338
14.500865 9.490425
25.508969 5.504091
35.500719 10.490906

Step 129
07.495796 8.022404
14.500865 9.490425
25.508969 5.504091
35.500719 10.490906

Step 130
07.496217 8.070164
14.500865 9.490425
25.508969 5.504091
35.500719 10.490906

Step 131
07.496595 8.113148
14.500865 9.490425
25.508969 5.504091
35.500719 10.490906

Step 132
07.496935 8.151833
14.500865 9.490425
25.508969 5.504091
35.500719 10.490906

Step 133
07.497242 8.186649
14.500865 9.490425
25.508969 5.504091
35.500719 10.490906

Step 134
07.497518 8.217984
14.500865 9.490425
25.508969 5.504091
35.500719 10.490906

Step 135
07.497766 8.246185
14.500865 9.490425
25.508969 5.504091
35.500719 10.490906

Step 136
07.497990 8.271566
14.500865 9.490425
25.508969 5.504091
35.500719 10.490906

Step 137
07.498191 8.294410
14.500865 9.490425
25.508969 5.504091
35.500719 10.490906

Step 138
07.498372 8.314969
14.500865 9.490425
25.508969 5.504091
35.500719 10.490906

Step 139
07.498534 8.333472
14.500865 9.490425
25.508969 5.504091
35.500719 10.490906

Step 140
07.498681 8.350125
14.500865 9.490425
25.508969 5.504091
35.500719 10.490906

Step 141
07.498813 8.365112
14.500865 9.490425
25.508969 5.504091
35.500719 10.490906

Step 142
07.498931 8.378601
14.500865 9.490425
25.508969 5.504091
35.500719 10.490906

Step 143
07.499038 8.390741
14.500865 9.490425
25.508969 5.504091
35.500719 10.490906

Step 144
07.499135 8.401668
14.500865 9.490425
25.508969 5.504091
35.500719 10.490906

Step 145
07.399615 8.411462
14.500865 9.490425
25.508969 5.504091
35.500719 10.490906

Step 146
07.309654 8.420316
14.500865 9.490425
25.508969 5.504091
35.500719 10.490906

Step 147
07.228688 8.428284
14.500865 9.490425
25.508969 5.504091
35.500719 10.490906

Step 148
07.155819 8.435455
14.500865 9.490425
25.508969 5.504091
35.500719 10.490906

Step 149
07.090238 8.441910
14.500865 9.490425
25.508969 5.504091
35.500719 10.490906

Step 150
07.031214 8.447719
14.500865 9.490425
25.508969 5.504091
35.500719 10.490906

Step 151
06.978092 8.452947
14.500865 9.490425
25.508969 5.504091
35.500719 10.490906

Step 152
06.930283 8.457652
14.500865 9.490425
25.508969 5.504091
35.500719 10.490906

Step 153
06.887255 8.461887
14.500865 9.490425
25.508969 5.504091
35.500719 10.490906

Step 154
06.848529 8.465698
14.500865 9.490425
25.508969 5.504091
35.500719 10.490906

Step 155
06.813676 8.469129
14.500865 9.490425
25.508969 5.504091
35.500719 10.490906

Step 156
06.782309 8.472216
14.500865 9.490425
25.508969 5.504091
35.500719 10.490906

Step 157
06.754078 8.474994
14.500865 9.490425
25.508969 5.504091
35.500719 10.490906

Step 158
06.728670 8.477494
14.500865 9.490425
25.508969 5.504091
35.500719 10.490906

Step 159
06.705803 8.479745
14.500865 9.490425
25.508969 5.504091
35.500719 10.490906

Step 160
06.685223 8.481771
14.500865 9.490425
25.508969 5.504091
35.500719 10.490906

Step 161
06.666700 8.483593
14.500865 9.490425
25.508969 5.504091
35.500719 10.490906

Step 162
06.650030 8.485233
14.500865 9.490425
25.508969 5.504091
35.500719 10.490906

Step 163
06.635027 8.486710
14.500865 9.490425
25.508969 5.504091
35.500719 10.490906

Step 164
06.621524 8.488039
14.500865 9.490425
25.508969 5.504091
35.500719 10.490906

Step 165
06.609372 8.489235
14.500865 9.490425
25.508969 5.504091
35.500719 10.490906

Step 166
06.598435 8.490312
14.500865 9.490425
25.508969 5.504091
35.500719 10.490906

Step 167
06.498439 8.491194
14.500865 9.490425
25.508969 5.504091
35.500719 10.490906

Step 168
06.398595 8.492074
14.500865 9.490425
25.508969 5.504091
35.500719 10.490906

Step 169
06.308735 8.492867
14.500865 9.490425
25.508969 5.504091
35.500719 10.490906

Step 170
06.227862 8.493580
14.500865 9.490425
25.508969 5.504091
35.500719 10.490906

Step 171
06.155076 8.494222
14.500865 9.490425
25.508969 5.504091
35.500719 10.490906

Step 172
06.089568 8.494800
14.500865 9.490425
25.508969 5.504091
35.500719 10.490906

Step 173
06.030612 8.495319
14.500865 9.490425
25.508969 5.504091
35.500719 10.490906

Step 174
05.977551 8.495788
14.500865 9.490425
25.508969 5.504091
35.500719 10.490906

Step 175
05.929795 8.496209
14.500865 9.490425
25.508969 5.504091
35.500719 10.490906

Step 176
05.886816 8.496588
14.500865 9.490425
25.508969 5.504091
35.500719 10.490906

Step 177
05.848134 8.496929
14.500865 9.490425
25.508969 5.504091
35.500719 10.490906

Step 178
05.813321 8.497236
14.500865 9.490425
25.508969 5.504091
35.500719 10.490906

Step 179
05.781989 8.497513
14.500865 9.490425
25.508969 5.504091
35.500719 10.490906

Step 180
05.753790 8.497762
14.500865 9.490425
25.508969 5.504091
35.500719 10.490906

Step 181
05.728411 8.497986
14.500865 9.490425
25.508969 5.504091
35.500719 10.490906

Step 182
05.705570 8.498187
14.500865 9.490425
25.508969 5.504091
35.500719 10.490906

Step 183
05.685013 8.498368
14.500865 9.490425
25.508969 5.504091
35.500719 10.490906

Step 184
05.666512 8.498531
14.500865 9.490425
25.508969 5.504091
35.500719 10.490906

Step 185
05.649860 8.498678
14.500865 9.490425
25.508969 5.504091
35.500719 10.490906

Step 186
05.634874 8.498811
14.500865 9.490425
25.508969 5.504091
35.500719 10.490906

Step 187
05.621387 8.498930
14.500865 9.490425
25.508969 5.504091
35.500719 10.490906

Step 188
05.609248 8.499037
14.500865 9.490425
25.508969 5.504091
35.500719 10.490906

Step 189
05.598323 8.499133
14.500865 9.490425
25.508969 5.504091
35.500719 10.490906

Step 190
05.498323 8.499212
14.500865 9.490425
25.508969 5.504091
35.500719 10.490906

Step 191
05.398491 8.499291
14.500865 9.490425
25.508969 5.504091
35.500719 10.490906

Step 192
05.308642 8.499362
14.500865 9.490425
25.508969 5.504091
35.500719 10.490906

Step 193
05.227777 8.499426
14.500865 9.490425
25.508969 5.504091
35.500719 10.490906

Step 194
05.155000 8.499483
14.500865 9.490425
25.508969 5.504091
35.500719 10.490906

Step 195
05.089500 8.499535
14.500865 9.490425
25.508969 5.504091
35.500719 10.490906

Step 196
05.030550 8.499581
14.500865 9.490425
25.508969 5.504091
35.500719 10.490906

Step 197
04.977495 8.499623
14.500865 9.490425
25.508969 5.504091
35.500719 10.490906

Step 198
04.929746 8.499660
14.500865 9.490425
25.508969 5.504091
35.500719 10.490906

Step 199
04.886771 8.499695
14.500865 9.490425
25.508969 5.504091
35.500719 10.490906

Step 200
04.848094 8.499725
14.500865 9.490425
25.508969 5.504091
35.500719 10.490906

Step 201
04.813284 8.499753
14.500865 9.490425
25.508969 5.504091
35.500719 10.490906

Step 202
04.781956 8.499778
14.500865 9.490425
25.508969 5.504091
35.500719 10.490906

Step 203
04.753760 8.499800
14.500865 9.490425
25.508969 5.504091
35.500719 10.490906

Step 204
04.728384 8.499820
14.500865 9.490425
25.508969 5.504091
35.500719 10.490906

Step 205
04.705546 8.499838
14.500865 9.490425
25.508969 5.504091
35.500719 10.490906

Step 206
04.684991 8.499854
14.500865 9.490425
25.508969 5.504091
35.500719 10.490906

Step 207
04.666492 8.499868
14.500865 9.490425
25.508969 5.504091
35.500719 10.490906

Step 208
04.649843 8.499882
14.500865 9.490425
25.508969 5.504091
35.500719 10.490906

Step 209
04.634859 8.499893
14.500865 9.490425
25.508969 5.504091
35.500719 10.490906

Step 210
04.621373 8.499904
14.500865 9.490425
25.508969 5.504091
35.500719 10.490906

Step 211
04.609236 8.499913
14.500865 9.490425
25.508969 5.504091
35.500719 10.490906

Step 212
04.598312 8.499922
14.500865 9.490425
25.508969 5.504091
35.500719 10.490906

Step 213
04.498312 8.499928
14.500779 9.391382
25.508969 5.504091
35.500719 10.490906

Step 214
04.398481 8.499935
14.500701 9.302244
25.508969 5.504091
35.500719 10.490906

Step 215
04.308633 8.499942
14.500631 9.222020
25.508969 5.504091
35.500719 10.490906

Step 216
04.227770 8.499948
14.500568 9.149818
25.508969 5.504091
35.500719 10.490906

Step 217
04.154993 8.499952
14.500511 9.084837
25.508969 5.504091
35.500719 10.490906

Step 218
04.089494 8.499957
14.500460 9.026353
25.508969 5.504091
35.500719 10.490906

Step 219
04.030544 8.499962
14.500414 8.973718
25.508969 5.504091
35.500719 10.490906

Step 220
03.977490 8.499966
14.500372 8.926346
25.508969 5.504091
35.500719 10.490906

Step 221
03.929741 8.499969
14.500335 8.883711
25.508969 5.504091
35.500719 10.490906

Step 222
03.886767 8.499972
14.500302 8.845340
25.508969 5.504091
35.500719 10.490906

Step 223
03.848090 8.499975
14.500272 8.810806
25.508969 5.504091
35.500719 10.490906

Step 224
03.813281 8.499978
14.500245 8.779726
25.508969 5.504091
35.500719 10.490906

Step 225
03.781953 8.499980
14.500220 8.751754
25.508969 5.504091
35.500719 10.490906

Step 226
03.753757 8.499982
14.500198 8.726579
25.508969 5.504091
35.500719 10.490906

Step 227
03.728382 8.499984
14.500178 8.703920
25.508969 5.504091
35.500719 10.490906

Step 228
03.705544 8.499986
14.500161 8.683528
25.508969 5.504091
35.500719 10.490906

Step 229
03.684989 8.499987
14.500144 8.665175
25.508969 5.504091
35.500719 10.490906

Step 230
03.666490 8.499988
14.500130 8.648658
25.508969 5.504091
35.500719 10.490906

Step 231
03.649841 8.499989
14.500117 8.633792
25.508969 5.504091
35.500719 10.490906

Step 232
03.634857 8.499990
14.500105 8.620413
25.508969 5.504091
35.500719 10.490906

Step 233
03.621372 8.499990
14.500095 8.608372
25.508969 5.504091
35.500719 10.490906

Step 234
03.609234 8.499991
14.500085 8.597534
25.508969 5.504091
35.500719 10.490906

Step 235
03.598311 8.499992
14.500077 8.587781
25.508969 5.504091
35.500719 10.490906

Step 236
03.498311 8.499993
14.599694 8.579036
25.508969 5.504091
35.500719 10.490906

Step 237
03.398480 8.499994
14.689724 8.571133
25.508969 5.504091
35.500719 10.490906

Step 238
03.308632 8.499995
14.770752 8.564019
25.508969 5.504091
35.500719 10.490906

Step 239
03.227769 8.499996
14.843677 8.557617
25.508969 5.504091
35.500719 10.490906

Step 240
03.154992 8.499996
14.909309 8.551855
25.508969 5.504091
35.500719 10.490906

Step 241
03.089493 8.499996
14.968378 8.546670
25.508969 5.504091
35.500719 10.490906

Step 242
03.030544 8.499996
15.021540 8.542003
25.508969 5.504091
35.500719 10.490906

Step 243
02.977489 8.499996
15.069386 8.537803
25.508969 5.504091
35.500719 10.490906

Step 244
02.929740 8.499996
15.112447 8.534022
25.508969 5.504091
35.500719 10.490906

Step 245
02.886766 8.499996
15.151203 8.530621
25.508969 5.504091
35.500719 10.490906

Step 246
02.848090 8.499996
15.186082 8.527558
25.508969 5.504091
35.500719 10.490906

Step 247
02.813281 8.499996
15.217474 8.524802
25.508969 5.504091
35.500719 10.490906

Step 248
02.781953 8.499996
15.245727 8.522322
25.508969 5.504091
35.500719 10.490906

Step 249
02.753757 8.499996
15.271154 8.520089
25.508969 5.504091
35.500719 10.490906

Step 250
02.728382 8.499996
15.294039 8.518080
25.508969 5.504091
35.500719 10.490906

Step 251
02.705544 8.499996
15.314635 8.516272
25.508969 5.504091
35.500719 10.490906

Step 252
02.684989 8.499996
15.333171 8.514645
25.508969 5.504091
35.500719 10.490906

Step 253
02.666490 8.499996
15.349854 8.513180
25.508969 5.504091
35.500719 10.490906

Step 254
02.649841 8.499996
15.364869 8.511862
25.508969 5.504091
35.500719 10.490906

Step 255
02.634857 8.499996
15.378382 8.510675
25.508969 5.504091
35.500719 10.490906

Step 256
02.621372 8.499996
15.390544 8.509608
25.508969 5.504091
35.500719 10.490906

Step 257
02.609234 8.499996
15.401490 8.508648
25.508969 5.504091
35.500719 10.490906

Step 258
02.598311 8.499996
15.411341 8.507783
25.508969 5.504091
35.500719 10.490906

Step 259
02.598311 8.499996
15.511338 8.507068
25.508969 5.504091
35.500719 10.490906

Step 260
02.598311 8.499996
15.610204 8.506361
25.508969 5.504091
35.500719 10.490906

Step 261
02.598311 8.499996
15.699184 8.505725
25.508969 5.504091
35.500719 10.490906

Step 262
02.598311 8.499996
15.779265 8.505153
25.508969 5.504091
35.500719 10.490906

Step 263
02.598311 8.499996
15.851339 8.504638
25.508969 5.504091
35.500719 10.490906

Step 264
02.598311 8.499996
15.916205 8.504174
25.508969 5.504091
35.500719 10.490906

Step 265
02.598311 8.499996
15.974585 8.503757
25.508969 5.504091
35.500719 10.490906

Step 266
02.598311 8.499996
16.027126 8.503381
25.508969 5.504091
35.500719 10.490906

Step 267
02.598311 8.499996
16.074414 8.503042
25.508969 5.504091
35.500719 10.490906

Step 268
02.598311 8.499996
16.116972 8.502738
25.508969 5.504091
35.500719 10.490906

Step 269
02.598311 8.499996
16.155275 8.502464
25.508969 5.504091
35.500719 10.490906

Step 270
02.598311 8.499996
16.189748 8.502218
25.508969 5.504091
35.500719 10.490906

Step 271
02.598311 8.499996
16.220773 8.501996
25.508969 5.504091
35.500719 10.490906

Step 272
02.598311 8.499996
16.248696 8.501797
25.508969 5.504091
35.500719 10.490906

Step 273
02.598311 8.499996
16.273826 8.501617
25.508969 5.504091
35.500719 10.490906

Step 274
02.598311 8.499996
16.296443 8.501455
25.508969 5.504091
35.500719 10.490906

Step 275
02.598311 8.499996
16.316799 8.501309
25.508969 5.504091
35.500719 10.490906

Step 276
02.598311 8.499996
16.335119 8.501179
25.508969 5.504091
35.500719 10.490906

Step 277
02.598311 8.499996
16.351607 8.501060
25.508969 5.504091
35.500719 10.490906

Step 278
02.598311 8.499996
16.366446 8.500955
25.508969 5.504091
35.500719 10.490906

Step 279
02.598311 8.499996
16.379802 8.500859
25.508969 5.504091
35.500719 10.490906

Step 280
02.598311 8.499996
16.391821 8.500773
25.508969 5.504091
35.500719 10.490906

Step 281
02.598311 8.499996
16.402639 8.500696
25.508969 5.504091
35.500719 10.490906

Step 282
02.598311 8.499996
16.502639 8.500632
25.508969 5.504091
35.500719 10.490906

Step 283
02.598311 8.499996
16.602376 8.500569
25.508969 5.504091
35.500719 10.490906

Step 284
02.598311 8.499996
16.692138 8.500512
25.508969 5.504091
35.500719 10.490906

Step 285
02.598311 8.499996
16.772924 8.500461
25.508969 5.504091
35.500719 10.490906

Step 286
02.598311 8.499996
16.845632 8.500415
25.508969 5.504091
35.500719 10.490906

Step 287
02.598311 8.499996
16.911068 8.500374
25.508969 5.504091
35.500719 10.490906

Step 288
02.598311 8.499996
16.969962 8.500337
25.508969 5.504091
35.500719 10.490906

Step 289
02.598311 8.499996
17.022965 8.500303
25.508969 5.504091
35.500719 10.490906

Step 290
02.598311 8.499996
17.070669 8.500273
25.508969 5.504091
35.500719 10.490906

Step 291
02.598311 8.499996
17.113602 8.500245
25.508969 5.504091
35.500719 10.490906

Step 292
02.598311 8.499996
17.152242 8.500220
25.508969 5.504091
35.500719 10.490906

Step 293
02.598311 8.499996
17.187017 8.500198
25.508969 5.504091
35.500719 10.490906

Step 294
02.598311 8.499996
17.218316 8.500178
25.508969 5.504091
35.500719 10.490906

Step 295
02.598311 8.499996
17.246484 8.500160
25.508969 5.504091
35.500719 10.490906

Step 296
02.598311 8.499996
17.271835 8.500144
25.508969 5.504091
35.500719 10.490906

Step 297
02.598311 8.499996
17.294652 8.500130
25.508969 5.504091
35.500719 10.490906

Step 298
02.598311 8.499996
17.315187 8.500116
25.508969 5.504091
35.500719 10.490906

Step 299
02.598311 8.499996
17.333668 8.500105
25.508969 5.504091
35.500719 10.490906

Step 300
02.598311 8.499996
17.350301 8.500094
25.508969 5.504091
35.500719 10.490906

Step 301
02.598311 8.499996
17.365271 8.500085
25.508969 5.504091
35.500719 10.490906

Step 302
02.598311 8.499996
17.378744 8.500076
25.508969 5.504091
35.500719 10.490906

Step 303
02.598311 8.499996
17.390870 8.500069
25.508969 5.504091
35.500719 10.490906

Step 304
02.598311 8.499996
17.401783 8.500062
25.508969 5.504091
35.500719 10.490906

Step 305
02.598311 8.499996
17.411557 8.400540
25.508969 5.504091
35.500719 10.490906

Step 306
02.598311 8.499996
17.420401 8.310486
25.508969 5.504091
35.500719 10.490906

Step 307
02.598311 8.499996
17.428361 8.229437
25.508969 5.504091
35.500719 10.490906

Step 308
02.598311 8.499996
17.435525 8.156493
25.508969 5.504091
35.500719 10.490906

Step 309
02.598311 8.499996
17.441972 8.090844
25.508969 5.504091
35.500719 10.490906

Step 310
02.598311 8.499996
17.447775 8.031759
25.508969 5.504091
35.500719 10.490906

Step 311
02.598311 8.499996
17.452997 7.978583
25.508969 5.504091
35.500719 10.490906

Step 312
02.598311 8.499996
17.457697 7.930725
25.508969 5.504091
35.500719 10.490906

Step 313
02.598311 8.499996
17.461927 7.887652
25.508969 5.504091
35.500719 10.490906

Step 314
02.598311 8.499996
17.465734 7.848887
25.508969 5.504091
35.500719 10.490906

Step 315
02.598311 8.499996
17.469161 7.813998
25.508969 5.504091
35.500719 10.490906

Step 316
02.598311 8.499996
17.472245 7.782598
25.508969 5.504091
35.500719 10.490906

Step 317
02.598311 8.499996
17.475020 7.754339
25.508969 5.504091
35.500719 10.490906

Step 318
02.598311 8.499996
17.477519 7.728905
25.508969 5.504091
35.500719 10.490906

Step 319
02.598311 8.499996
17.479767 7.706014
25.508969 5.504091
35.500719 10.490906

Step 320
02.598311 8.499996
17.481790 7.685413
25.508969 5.504091
35.500719 10.490906

Step 321
02.598311 8.499996
17.483611 7.666872
25.508969 5.504091
35.500719 10.490906

Step 322
02.598311 8.499996
17.485250 7.650185
25.508969 5.504091
35.500719 10.490906

Step 323
02.598311 8.499996
17.486725 7.635166
25.508969 5.504091
35.500719 10.490906

Step 324
02.598311 8.499996
17.488052 7.621650
25.508969 5.504091
35.500719 10.490906

Step 325
02.598311 8.499996
17.489247 7.609485
25.508969 5.504091
35.500719 10.490906

Step 326
02.598311 8.499996
17.490323 7.598536
25.508969 5.504091
35.500719 10.490906

Step 327
02.598311 8.499996
17.491203 7.498540
25.508969 5.504091
35.500719 10.490906

Step 328
02.598311 8.499996
17.492083 7.398686
25.508969 5.504091
35.500719 10.490906

Step 329
02.598311 8.499996
17.492875 7.308817
25.508969 5.504091
35.500719 10.490906

Step 330
02.598311 8.499996
17.493587 7.227936
25.508969 5.504091
35.500719 10.490906

Step 331
02.598311 8.499996
17.494228 7.155142
25.508969 5.504091
35.500719 10.490906

Step 332
02.598311 8.499996
17.494805 7.089628
25.508969 5.504091
35.500719 10.490906

Step 333
02.598311 8.499996
17.495325 7.030665
25.508969 5.504091
35.500719 10.490906

Step 334
02.598311 8.499996
17.495792 6.977599
25.508969 5.504091
35.500719 10.490906

Step 335
02.598311 8.499996
17.496213 6.929839
25.508969 5.504091
35.500719 10.490906

Step 336
02.598311 8.499996
17.496592 6.886855
25.508969 5.504091
35.500719 10.490906

Step 337
02.598311 8.499996
17.496933 6.848169
25.508969 5.504091
35.500719 10.490906

Step 338
02.598311 8.499996
17.497239 6.813353
25.508969 5.504091
35.500719 10.490906

Step 339
02.598311 8.499996
17.497515 6.782017
25.508969 5.504091
35.500719 10.490906

Step 340
02.598311 8.499996
17.497764 6.753816
25.508969 5.504091
35.500719 10.490906

Step 341
02.598311 8.499996
17.497987 6.728434
25.508969 5.504091
35.500719 10.490906

Step 342
02.598311 8.499996
17.498188 6.705591
25.508969 5.504091
35.500719 10.490906

Step 343
02.598311 8.499996
17.498370 6.685032
25.508969 5.504091
35.500719 10.490906

Step 344
02.598311 8.499996
17.498533 6.666529
25.508969 5.504091
35.500719 10.490906

Step 345
02.598311 8.499996
17.498680 6.649876
25.508969 5.504091
35.500719 10.490906

Step 346
02.598311 8.499996
17.498812 6.634888
25.508969 5.504091
35.500719 10.490906

Step 347
02.598311 8.499996
17.498930 6.621399
25.508969 5.504091
35.500719 10.490906

Step 348
02.598311 8.499996
17.499037 6.609260
25.508969 5.504091
35.500719 10.490906

Step 349
02.598311 8.499996
17.499134 6.598334
25.508969 5.504091
35.500719 10.490906

Step 350
02.598311 8.499996
17.399614 6.588539
25.508969 5.504091
35.500719 10.490906

Step 351
02.598311 8.499996
17.309653 6.579685
25.508969 5.504091
35.500719 10.490906

Step 352
02.598311 8.499996
17.228687 6.571717
25.508969 5.504091
35.500719 10.490906

Step 353
02.598311 8.499996
17.155818 6.564545
25.508969 5.504091
35.500719 10.490906

Step 354
02.598311 8.499996
17.090237 6.558091
25.508969 5.504091
35.500719 10.490906

Step 355
02.598311 8.499996
17.031213 6.552281
25.508969 5.504091
35.500719 10.490906

Step 356
02.598311 8.499996
16.978092 6.547053
25.508969 5.504091
35.500719 10.490906

Step 357
02.598311 8.499996
16.930283 6.542348
25.508969 5.504091
35.500719 10.490906

Step 358
02.598311 8.499996
16.887254 6.538113
25.508969 5.504091
35.500719 10.490906

Step 359
02.598311 8.499996
16.848529 6.534302
25.508969 5.504091
35.500719 10.490906

Step 360
02.598311 8.499996
16.813676 6.530871
25.508969 5.504091
35.500719 10.490906

Step 361
02.598311 8.499996
16.782308 6.527784
25.508969 5.504091
35.500719 10.490906

Step 362
02.598311 8.499996
16.754077 6.525006
25.508969 5.504091
35.500719 10.490906

Step 363
02.598311 8.499996
16.728670 6.522505
25.508969 5.504091
35.500719 10.490906

Step 364
02.598311 8.499996
16.705803 6.520255
25.508969 5.504091
35.500719 10.490906

Step 365
02.598311 8.499996
16.685223 6.518229
25.508969 5.504091
35.500719 10.490906

Step 366
02.598311 8.499996
16.666700 6.516406
25.508969 5.504091
35.500719 10.490906

Step 367
02.598311 8.499996
16.650030 6.514765
25.508969 5.504091
35.500719 10.490906

Step 368
02.598311 8.499996
16.635027 6.513288
25.508969 5.504091
35.500719 10.490906

Step 369
02.598311 8.499996
16.621524 6.511960
25.508969 5.504091
35.500719 10.490906

Step 370
02.598311 8.499996
16.609372 6.510764
25.508969 5.504091
35.500719 10.490906

Step 371
02.598311 8.499996
16.598435 6.509687
25.508969 5.504091
35.500719 10.490906

Step 372
02.598311 8.499996
16.498439 6.508806
25.508969 5.504091
35.500719 10.490906

Step 373
02.598311 8.499996
16.398595 6.507925
25.508969 5.504091
35.500719 10.490906

Step 374
02.598311 8.499996
16.308735 6.507133
25.508969 5.504091
35.500719 10.490906

Step 375
02.598311 8.499996
16.227862 6.506419
25.508969 5.504091
35.500719 10.490906

Step 376
02.598311 8.499996
16.155076 6.505777
25.508969 5.504091
35.500719 10.490906

Step 377
02.598311 8.499996
16.089568 6.505199
25.508969 5.504091
35.500719 10.490906

Step 378
02.598311 8.499996
16.030612 6.504680
25.508969 5.504091
35.500719 10.490906

Step 379
02.598311 8.499996
15.977551 6.504212
25.508969 5.504091
35.500719 10.490906

Step 380
02.598311 8.499996
15.929795 6.503791
25.508969 5.504091
35.500719 10.490906

Step 381
02.598311 8.499996
15.886816 6.503412
25.508969 5.504091
35.500719 10.490906

Step 382
02.598311 8.499996
15.848134 6.503071
25.508969 5.504091
35.500719 10.490906

Step 383
02.598311 8.499996
15.813321 6.502764
25.508969 5.504091
35.500719 10.490906

Step 384
02.598311 8.499996
15.781989 6.502487
25.508969 5.504091
35.500719 10.490906

Step 385
02.598311 8.499996
15.753790 6.502238
25.508969 5.504091
35.500719 10.490906

Step 386
02.598311 8.499996
15.728411 6.502015
25.508969 5.504091
35.500719 10.490906

Step 387
02.598311 8.499996
15.705570 6.501813
25.508969 5.504091
35.500719 10.490906

Step 388
02.598311 8.499996
15.685013 6.501632
25.508969 5.504091
35.500719 10.490906

Step 389
02.598311 8.499996
15.666512 6.501469
25.508969 5.504091
35.500719 10.490906

Step 390
02.598311 8.499996
15.649860 6.501322
25.508969 5.504091
35.500719 10.490906

Step 391
02.598311 8.499996
15.634874 6.501190
25.508969 5.504091
35.500719 10.490906

Step 392
02.598311 8.499996
15.621387 6.501071
25.508969 5.504091
35.500719 10.490906

Step 393
02.598311 8.499996
15.609248 6.500964
25.508969 5.504091
35.500719 10.490906

Step 394
02.598311 8.499996
15.598323 6.500867
25.508969 5.504091
35.500719 10.490906

Step 395
02.598311 8.499996
15.498323 6.500788
25.508072 5.603682
35.500719 10.490906

Step 396
02.598311 8.499996
15.398491 6.500710
25.507265 5.693314
35.500719 10.490906

Step 397
02.598311 8.499996
15.308642 6.500638
25.506538 5.773982
35.500719 10.490906

Step 398
02.598311 8.499996
15.227777 6.500575
25.505885 5.846584
35.500719 10.490906

Step 399
02.598311 8.499996
15.155000 6.500517
25.505296 5.911925
35.500719 10.490906

Step 400
02.598311 8.499996
15.089500 6.500465
25.504766 5.970733
35.500719 10.490906

Step 401
02.598311 8.499996
15.030550 6.500419
25.504290 6.023659
35.500719 10.490906

Step 402
02.598311 8.499996
14.977495 6.500377
25.503860 6.071293
35.500719 10.490906

Step 403
02.598311 8.499996
14.929746 6.500339
25.503474 6.114164
35.500719 10.490906

Step 404
02.598311 8.499996
14.886771 6.500305
25.503127 6.152748
35.500719 10.490906

Step 405
02.598311 8.499996
14.848094 6.500275
25.502814 6.187473
35.500719 10.490906

Step 406
02.598311 8.499996
14.813284 6.500247
25.502532 6.218726
35.500719 10.490906

Step 407
02.598311 8.499996
14.781956 6.500222
25.502279 6.246853
35.500719 10.490906

Step 408
02.598311 8.499996
14.753760 6.500200
25.502051 6.272168
35.500719 10.490906

Step 409
02.598311 8.499996
14.728384 6.500180
25.501846 6.294951
35.500719 10.490906

Step 410
02.598311 8.499996
14.705546 6.500162
25.501662 6.315456
35.500719 10.490906

Step 411
02.598311 8.499996
14.684991 6.500145
25.501495 6.333910
35.500719 10.490906

Step 412
02.598311 8.499996
14.666492 6.500131
25.501346 6.350519
35.500719 10.490906

Step 413
02.598311 8.499996
14.649843 6.500118
25.501211 6.365467
35.500719 10.490906

Step 414
02.598311 8.499996
14.634859 6.500106
25.501090 6.378921
35.500719 10.490906

Step 415
02.598311 8.499996
14.621373 6.500095
25.500981 6.391028
35.500719 10.490906

Step 416
02.598311 8.499996
14.609236 6.500086
25.500883 6.401926
35.500719 10.490906

Step 417
02.598311 8.499996
14.598312 6.500077
25.500794 6.411733
35.500719 10.490906

Step 418
02.598311 8.499996
14.688481 6.500070
25.600407 6.420533
35.500719 10.490906

Step 419
02.598311 8.499996
14.769633 6.500062
25.690366 6.428479
35.500719 10.490906

Step 420
02.598311 8.499996
14.842670 6.500056
25.771329 6.435631
35.500719 10.490906

Step 421
02.598311 8.499996
14.908403 6.500051
25.844196 6.442068
35.500719 10.490906

Step 422
02.598311 8.499996
14.967563 6.500045
25.909777 6.447861
35.500719 10.490906

Step 423
02.598311 8.499996
15.020806 6.500041
25.968799 6.453075
35.500719 10.490906

Step 424
02.598311 8.499996
15.068726 6.500037
26.021919 6.457767
35.500719 10.490906

Step 425
02.598311 8.499996
15.111853 6.500033
26.069727 6.461991
35.500719 10.490906

Step 426
02.598311 8.499996
15.150668 6.500030
26.112755 6.465792
35.500719 10.490906

Step 427
02.598311 8.499996
15.185601 6.500027
26.151479 6.469213
35.500719 10.490906

Step 428
02.598311 8.499996
15.217041 6.500024
26.186331 6.472291
35.500719 10.490906

Step 429
02.598311 8.499996
15.245337 6.500021
26.217698 6.475062
35.500719 10.490906

Step 430
02.598311 8.499996
15.270803 6.500019
26.245928 6.477556
35.500719 10.490906

Step 431
02.598311 8.499996
15.293723 6.500017
26.271336 6.479801
35.500719 10.490906

Step 432
02.598311 8.499996
15.314350 6.500015
26.294202 6.481821
35.500719 10.490906

Step 433
02.598311 8.499996
15.332915 6.500014
26.314782 6.483639
35.500719 10.490906

Step 434
02.598311 8.499996
15.349624 6.500012
26.333303 6.485275
35.500719 10.490906

Step 435
02.598311 8.499996
15.364661 6.500011
26.349973 6.486747
35.500719 10.490906

Step 436
02.598311 8.499996
15.378195 6.500010
26.364976 6.488072
35.500719 10.490906

Step 437
02.598311 8.499996
15.390376 6.500009
26.378479 6.489265
35.500719 10.490906

Step 438
02.598311 8.499996
15.401338 6.500008
26.390631 6.490338
35.500719 10.490906

Step 439
02.598311 8.499996
15.411204 6.500007
26.401567 6.491304
35.500719 10.490906

Step 440
02.598311 8.499996
15.420049 6.400399
26.501565 6.492096
35.500719 10.490906

Step 441
02.598311 8.499996
15.428044 6.310359
26.601408 6.492887
35.500719 10.490906

Step 442
02.598311 8.499996
15.435240 6.229323
26.691267 6.493598
35.500719 10.490906

Step 443
02.598311 8.499996
15.441716 6.156391
26.772141 6.494238
35.500719 10.490906

Step 444
02.598311 8.499996
15.447544 6.090752
26.844926 6.494814
35.500719 10.490906

Step 445
02.598311 8.499996
15.452790 6.031677
26.910434 6.495333
35.500719 10.490906

Step 446
02.598311 8.499996
15.457511 5.978509
26.969390 6.495800
35.500719 10.490906

Step 447
02.598311 8.499996
15.461760 5.930658
27.022451 6.496220
35.500719 10.490906

Step 448
02.598311 8.499996
15.465584 5.887592
27.070206 6.496598
35.500719 10.490906

Step 449
02.598311 8.499996
15.469026 5.848833
27.113185 6.496938
35.500719 10.490906

Step 450
02.598311 8.499996
15.472123 5.813950
27.151867 6.497244
35.500719 10.490906

Step 451
02.598311 8.499996
15.474911 5.782555
27.186680 6.497519
35.500719 10.490906

Step 452
02.598311 8.499996
15.477420 5.754299
27.218012 6.497767
35.500719 10.490906

Step 453
02.598311 8.499996
15.479678 5.728869
27.246211 6.497991
35.500719 10.490906

Step 454
02.598311 8.499996
15.481710 5.705983
27.271590 6.498191
35.500719 10.490906

Step 455
02.598311 8.499996
15.483539 5.685384
27.294431 6.498372
35.500719 10.490906

Step 456
02.598311 8.499996
15.485185 5.666846
27.314988 6.498535
35.500719 10.490906

Step 457
02.598311 8.499996
15.486667 5.650161
27.333489 6.498681
35.500719 10.490906

Step 458
02.598311 8.499996
15.488000 5.635145
27.350140 6.498813
35.500719 10.490906

Step 459
02.598311 8.499996
15.489200 5.621631
27.365126 6.498932
35.500719 10.490906

Step 460
02.598311 8.499996
15.490280 5.609468
27.378613 6.499039
35.500719 10.490906

Step 461
02.598311 8.499996
15.491252 5.598521
27.390752 6.499135
35.500719 10.490906

Step 462
02.598311 8.499996
15.492127 5.588669
27.401677 6.499221
35.500719 10.490906

Step 463
02.598311 8.499996
15.492914 5.579802
27.411455 6.598742
35.500719 10.490906

Step 464
02.598311 8.499996
15.493623 5.571822
27.420309 6.688868
35.500719 10.490906

Step 465
02.598311 8.499996
15.494260 5.564640
27.428278 6.769981
35.500719 10.490906

Step 466
02.598311 8.499996
15.494834 5.558176
27.435450 6.842983
35.500719 10.490906

Step 467
02.598311 8.499996
15.495351 5.552358
27.441905 6.908685
35.500719 10.490906

Step 468
02.598311 8.499996
15.495816 5.547122
27.447714 6.967816
35.500719 10.490906

Step 469
02.598311 8.499996
15.496234 5.542410
27.452943 7.021035
35.500719 10.490906

Step 470
02.598311 8.499996
15.496611 5.538169
27.457649 7.068931
35.500719 10.490906

Step 471
02.598311 8.499996
15.496950 5.534352
27.461884 7.112038
35.500719 10.490906

Step 472
02.598311 8.499996
15.497255 5.530917
27.465695 7.150834
35.500719 10.490906

Step 473
02.598311 8.499996
15.497530 5.527825
27.469126 7.185750
35.500719 10.490906

Step 474
02.598311 8.499996
15.497777 5.525043
27.472213 7.217175
35.500719 10.490906

Step 475
02.598311 8.499996
15.497999 5.522539
27.474992 7.245458
35.500719 10.490906

Step 476
02.598311 8.499996
15.498199 5.520285
27.477493 7.270912
35.500719 10.490906

Step 477
02.598311 8.499996
15.498379 5.518256
27.479743 7.293821
35.500719 10.490906

Step 478
02.598311 8.499996
15.498541 5.516430
27.481769 7.314439
35.500719 10.490906

Step 479
02.598311 8.499996
15.498687 5.514787
27.483592 7.332995
35.500719 10.490906

Step 480
02.598311 8.499996
15.498818 5.513309
27.485233 7.349695
35.500719 10.490906

Step 481
02.598311 8.499996
15.498937 5.511978
27.486710 7.364726
35.500719 10.490906

Step 482
02.598311 8.499996
15.499043 5.510780
27.488039 7.378253
35.500719 10.490906

Step 483
02.598311 8.499996
15.499139 5.509702
27.489235 7.390428
35.500719 10.490906

Step 484
02.598311 8.499996
15.499139 5.509702
27.490312 7.401385
35.500719 10.490906

Step 485
02.598311 8.499996
15.499139 5.509702
27.491193 7.501381
35.500719 10.490906

Step 486
02.598311 8.499996
15.499139 5.509702
27.492074 7.601243
35.500719 10.490906

Step 487
02.598311 8.499996
15.499139 5.509702
27.492867 7.691119
35.500719 10.490906

Step 488
02.598311 8.499996
15.499139 5.509702
27.493580 7.772007
35.500719 10.490906

Step 489
02.598311 8.499996
15.499139 5.509702
27.494222 7.844806
35.500719 10.490906

Step 490
02.598311 8.499996
15.499139 5.509702
27.494800 7.910326
35.500719 10.490906

Step 491
02.598311 8.499996
15.499139 5.509702
27.495320 7.969293
35.500719 10.490906

Step 492
02.598311 8.499996
15.499139 5.509702
27.495788 8.022364
35.500719 10.490906

Step 493
02.598311 8.499996
15.499139 5.509702
27.496209 8.070127
35.500719 10.490906

Step 494
02.598311 8.499996
15.499139 5.509702
27.496588 8.113114
35.500719 10.490906

Step 495
02.598311 8.499996
15.499139 5.509702
27.496929 8.151803
35.500719 10.490906

Step 496
02.598311 8.499996
15.499139 5.509702
27.497236 8.186623
35.500719 10.490906

Step 497
02.598311 8.499996
15.499139 5.509702
27.497513 8.217960
35.500719 10.490906

Step 498
02.598311 8.499996
15.499139 5.509702
27.497762 8.246164
35.500719 10.490906

Step 499
02.598311 8.499996
15.499139 5.509702
27.497985 8.271548
35.500719 10.490906

Step 500
02.598311 8.499996
15.499139 5.509702
27.498187 8.294394
35.500719 10.490906

Step 501
02.598311 8.499996
15.499139 5.509702
27.498368 8.314954
35.500719 10.490906

Step 502
02.598311 8.499996
15.499139 5.509702
27.498531 8.333458
35.500719 10.490906

Step 503
02.598311 8.499996
15.499139 5.509702
27.498678 8.350112
35.500719 10.490906

Step 504
02.598311 8.499996
15.499139 5.509702
27.498810 8.365101
35.500719 10.490906

Step 505
02.598311 8.499996
15.499139 5.509702
27.498929 8.378591
35.500719 10.490906

Step 506
02.598311 8.499996
15.499139 5.509702
27.499036 8.390732
35.500719 10.490906

Step 507
02.598311 8.499996
15.499139 5.509702
27.499133 8.401659
35.500719 10.490906

Step 508
02.598311 8.499996
15.499139 5.509702
27.499212 8.501659
35.500719 10.490906

Step 509
02.598311 8.499996
15.499139 5.509702
27.499290 8.601494
35.500719 10.490906

Step 510
02.598311 8.499996
15.499139 5.509702
27.499362 8.691344
35.500719 10.490906

Step 511
02.598311 8.499996
15.499139 5.509702
27.499425 8.772210
35.500719 10.490906

Step 512
02.598311 8.499996
15.499139 5.509702
27.499483 8.844989
35.500719 10.490906

Step 513
02.598311 8.499996
15.499139 5.509702
27.499535 8.910490
35.500719 10.490906

Step 514
02.598311 8.499996
15.499139 5.509702
27.499581 8.969441
35.500719 10.490906

Step 515
02.598311 8.499996
15.499139 5.509702
27.499623 9.022497
35.500719 10.490906

Step 516
02.598311 8.499996
15.499139 5.509702
27.499661 9.070248
35.500719 10.490906

Step 517
02.598311 8.499996
15.499139 5.509702
27.499695 9.113223
35.500719 10.490906

Step 518
02.598311 8.499996
15.499139 5.509702
27.499725 9.151901
35.500719 10.490906

Step 519
02.598311 8.499996
15.499139 5.509702
27.499753 9.186711
35.500719 10.490906

Step 520
02.598311 8.499996
15.499139 5.509702
27.499778 9.218040
35.500719 10.490906

Step 521
02.598311 8.499996
15.499139 5.509702
27.499800 9.246237
35.500719 10.490906

Step 522
02.598311 8.499996
15.499139 5.509702
27.499820 9.271613
35.500719 10.490906

Step 523
02.598311 8.499996
15.499139 5.509702
27.499838 9.294452
35.500719 10.490906

Step 524
02.598311 8.499996
15.499139 5.509702
27.499855 9.315006
35.500719 10.490906

Step 525
02.598311 8.499996
15.499139 5.509702
27.499869 9.333506
35.500719 10.490906

Step 526
02.598311 8.499996
15.499139 5.509702
27.499882 9.350155
35.500719 10.490906

Step 527
02.598311 8.499996
15.499139 5.509702
27.499894 9.365139
35.500719 10.490906

Step 528
02.598311 8.499996
15.499139 5.509702
27.499905 9.378625
35.500719 10.490906

Step 529
02.598311 8.499996
15.499139 5.509702
27.499914 9.390762
35.500719 10.490906

Step 530
02.598311 8.499996
15.499139 5.509702
27.499923 9.401686
35.500719 10.490906

Step 531
02.598311 8.499996
15.499139 5.509702
27.400403 9.411470
35.500719 10.490906

Step 532
02.598311 8.499996
15.499139 5.509702
27.310362 9.420323
35.500719 10.490906

Step 533
02.598311 8.499996
15.499139 5.509702
27.229326 9.428291
35.500719 10.490906

Step 534
02.598311 8.499996
15.499139 5.509702
27.156394 9.435462
35.500719 10.490906

Step 535
02.598311 8.499996
15.499139 5.509702
27.090754 9.441916
35.500719 10.490906

Step 536
02.598311 8.499996
15.499139 5.509702
27.031679 9.447724
35.500719 10.490906

Step 537
02.598311 8.499996
15.499139 5.509702
26.978511 9.452951
35.500719 10.490906

Step 538
02.598311 8.499996
15.499139 5.509702
26.930660 9.457656
35.500719 10.490906

Step 539
02.598311 8.499996
15.499139 5.509702
26.887594 9.461890
35.500719 10.490906

Step 540
02.598311 8.499996
15.499139 5.509702
26.848835 9.465701
35.500719 10.490906

Step 541
02.598311 8.499996
15.499139 5.509702
26.813951 9.469131
35.500719 10.490906

Step 542
02.598311 8.499996
15.499139 5.509702
26.782556 9.472219
35.500719 10.490906

Step 543
02.598311 8.499996
15.499139 5.509702
26.754301 9.474997
35.500719 10.490906

Step 544
02.598311 8.499996
15.499139 5.509702
26.728870 9.477497
35.500719 10.490906

Step 545
02.598311 8.499996
15.499139 5.509702
26.705983 9.479748
35.500719 10.490906

Step 546
02.598311 8.499996
15.499139 5.509702
26.685385 9.481773
35.500719 10.490906

Step 547
02.598311 8.499996
15.499139 5.509702
26.666846 9.483596
35.500719 10.490906

Step 548
02.598311 8.499996
15.499139 5.509702
26.650162 9.485236
35.500719 10.490906

Step 549
02.598311 8.499996
15.499139 5.509702
26.635146 9.486712
35.500719 10.490906

Step 550
02.598311 8.499996
15.499139 5.509702
26.621631 9.488041
35.500719 10.490906

Step 551
02.598311 8.499996
15.499139 5.509702
26.609468 9.489237
35.500719 10.490906

Step 552
02.598311 8.499996
15.499139 5.509702
26.598521 9.490314
35.500719 10.490906

Step 553
02.598311 8.499996
15.499139 5.509702
26.498525 9.491196
35.500719 10.490906

Step 554
02.598311 8.499996
15.499139 5.509702
26.398673 9.492076
35.500719 10.490906

Step 555
02.598311 8.499996
15.499139 5.509702
26.308805 9.492868
35.500719 10.490906

Step 556
02.598311 8.499996
15.499139 5.509702
26.227925 9.493582
35.500719 10.490906

Step 557
02.598311 8.499996
15.499139 5.509702
26.155132 9.494224
35.500719 10.490906

Step 558
02.598311 8.499996
15.499139 5.509702
26.089619 9.494802
35.500719 10.490906

Step 559
02.598311 8.499996
15.499139 5.509702
26.030657 9.495321
35.500719 10.490906

Step 560
02.598311 8.499996
15.499139 5.509702
25.977592 9.495790
35.500719 10.490906

Step 561
02.598311 8.499996
15.499139 5.509702
25.929832 9.496210
35.500719 10.490906

Step 562
02.598311 8.499996
15.499139 5.509702
25.886849 9.496589
35.500719 10.490906

Step 563
02.598311 8.499996
15.499139 5.509702
25.848165 9.496930
35.500719 10.490906

Step 564
02.598311 8.499996
15.499139 5.509702
25.813348 9.497237
35.500719 10.490906

Step 565
02.598311 8.499996
15.499139 5.509702
25.782013 9.497514
35.500719 10.490906

Step 566
02.598311 8.499996
15.499139 5.509702
25.753812 9.497763
35.500719 10.490906

Step 567
02.598311 8.499996
15.499139 5.509702
25.728431 9.497987
35.500719 10.490906

Step 568
02.598311 8.499996
15.499139 5.509702
25.705588 9.498188
35.500719 10.490906

Step 569
02.598311 8.499996
15.499139 5.509702
25.685029 9.498369
35.500719 10.490906

Step 570
02.598311 8.499996
15.499139 5.509702
25.666526 9.498532
35.500719 10.490906

Step 571
02.598311 8.499996
15.499139 5.509702
25.649874 9.498679
35.500719 10.490906

Step 572
02.598311 8.499996
15.499139 5.509702
25.634886 9.498812
35.500719 10.490906

Step 573
02.598311 8.499996
15.499139 5.509702
25.621397 9.498931
35.500719 10.490906

Step 574
02.598311 8.499996
15.499139 5.509702
25.609258 9.499038
35.500719 10.490906

Step 575
02.598311 8.499996
15.499139 5.509702
25.598332 9.499134
35.500719 10.490906

Step 576
02.598311 8.499996
15.499139 5.509702
25.498332 9.499213
35.500647 10.391815

Step 577
02.598311 8.499996
15.499139 5.509702
25.398499 9.499292
35.500582 10.302633

Step 578
02.598311 8.499996
15.499139 5.509702
25.308649 9.499363
35.500524 10.222370

Step 579
02.598311 8.499996
15.499139 5.509702
25.227784 9.499427
35.500471 10.150133

Step 580
02.598311 8.499996
15.499139 5.509702
25.155006 9.499484
35.500424 10.085120

Step 581
02.598311 8.499996
15.499139 5.509702
25.089505 9.499536
35.500381 10.026608

Step 582
02.598311 8.499996
15.499139 5.509702
25.030555 9.499582
35.500343 9.973948

Step 583
02.598311 8.499996
15.499139 5.509702
24.977499 9.499624
35.500309 9.926553

Step 584
02.598311 8.499996
15.499139 5.509702
24.929749 9.499661
35.500278 9.883898

Step 585
02.598311 8.499996
15.499139 5.509702
24.886775 9.499695
35.500250 9.845508

Step 586
02.598311 8.499996
15.499139 5.509702
24.848097 9.499725
35.500225 9.810957

Step 587
02.598311 8.499996
15.499139 5.509702
24.813287 9.499753
35.500203 9.779861

Step 588
02.598311 8.499996
15.499139 5.509702
24.781959 9.499778
35.500182 9.751875

Step 589
02.598311 8.499996
15.499139 5.509702
24.753763 9.499800
35.500164 9.726687

Step 590
02.598311 8.499996
15.499139 5.509702
24.728386 9.499820
35.500148 9.704019

Step 591
02.598311 8.499996
15.499139 5.509702
24.705548 9.499838
35.500133 9.683617

Step 592
02.598311 8.499996
15.499139 5.509702
24.684993 9.499854
35.500120 9.665255

Step 593
02.598311 8.499996
15.499139 5.509702
24.666493 9.499868
35.500108 9.648729

Step 594
02.598311 8.499996
15.499139 5.509702
24.649844 9.499882
35.500097 9.633857

Step 595
02.598311 8.499996
15.499139 5.509702
24.634860 9.499893
35.500087 9.620471

Step 596
02.598311 8.499996
15.499139 5.509702
24.621374 9.499904
35.500079 9.608424

Step 597
02.598311 8.499996
15.499139 5.509702
24.609236 9.499913
35.500071 9.597582

Step 598
02.598311 8.499996
15.499139 5.509702
24.598312 9.499922
35.500063 9.587824

Step 599
02.598311 8.499996
15.499139 5.509702
24.498312 9.499928
35.500058 9.487823

Step 600
02.598311 8.499996
15.499139 5.509702
24.398481 9.499935
35.500052 9.389041

Step 601
02.598311 8.499996
15.499139 5.509702
24.308633 9.499942
35.500047 9.300137

Step 602
02.598311 8.499996
15.499139 5.509702
24.227770 9.499948
35.500042 9.220123

Step 603
02.598311 8.499996
15.499139 5.509702
24.154993 9.499952
35.500038 9.148111

Step 604
02.598311 8.499996
15.499139 5.509702
24.089494 9.499957
35.500034 9.083301

Step 605
02.598311 8.499996
15.499139 5.509702
24.030544 9.499962
35.500031 9.024971

Step 606
02.598311 8.499996
15.499139 5.509702
23.977490 9.499966
35.500028 8.972474

Step 607
02.598311 8.499996
15.499139 5.509702
23.929741 9.499969
35.500025 8.925226

Step 608
02.598311 8.499996
15.499139 5.509702
23.886767 9.499972
35.500022 8.882704

Step 609
02.598311 8.499996
15.499139 5.509702
23.848090 9.499975
35.500020 8.844434

Step 610
02.598311 8.499996
15.499139 5.509702
23.813281 9.499978
35.500018 8.809990

Step 611
02.598311 8.499996
15.499139 5.509702
23.781953 9.499980
35.500016 8.778991

Step 612
02.598311 8.499996
15.499139 5.509702
23.753757 9.499982
35.500015 8.751092

Step 613
02.598311 8.499996
15.499139 5.509702
23.728382 9.499984
35.500013 8.725983

Step 614
02.598311 8.499996
15.499139 5.509702
23.705544 9.499986
35.500012 8.703384

Step 615
02.598311 8.499996
15.499139 5.509702
23.684989 9.499987
35.500010 8.683046

Step 616
02.598311 8.499996
15.499139 5.509702
23.666490 9.499988
35.500010 8.664742

Step 617
02.598311 8.499996
15.499139 5.509702
23.649841 9.499989
35.500009 8.648268

Step 618
02.598311 8.499996
15.499139 5.509702
23.634857 9.499990
35.500008 8.633441

Step 619
02.598311 8.499996
15.499139 5.509702
23.621372 9.499990
35.500007 8.620097

Step 620
02.598311 8.499996
15.499139 5.509702
23.609234 9.499991
35.500006 8.608088

Step 621
02.598311 8.499996
15.499139 5.509702
23.598311 9.499992
35.500006 8.597279

Step 622
02.598311 8.499996
15.499139 5.509702
23.598311 9.499992
35.599536 8.587596

Step 623
02.598311 8.499996
15.499139 5.509702
23.598311 9.499992
35.689582 8.578836

Step 624
02.598311 8.499996
15.499139 5.509702
23.598311 9.499992
35.770624 8.570952

Step 625
02.598311 8.499996
15.499139 5.509702
23.598311 9.499992
35.843562 8.563857

Step 626
02.598311 8.499996
15.499139 5.509702
23.598311 9.499992
35.909205 8.557471

Step 627
02.598311 8.499996
15.499139 5.509702
23.598311 9.499992
35.968285 8.551724

Step 628
02.598311 8.499996
15.499139 5.509702
23.598311 9.499992
36.021457 8.546552

Step 629
02.598311 8.499996
15.499139 5.509702
23.598311 9.499992
36.069311 8.541897

Step 630
02.598311 8.499996
15.499139 5.509702
23.598311 9.499992
36.112380 8.537707

Step 631
02.598311 8.499996
15.499139 5.509702
23.598311 9.499992
36.151142 8.533937

Step 632
02.598311 8.499996
15.499139 5.509702
23.598311 9.499992
36.186028 8.530542

Step 633
02.598311 8.499996
15.499139 5.509702
23.598311 9.499992
36.217425 8.527488

Step 634
02.598311 8.499996
15.499139 5.509702
23.598311 9.499992
36.245683 8.524739

Step 635
02.598311 8.499996
15.499139 5.509702
23.598311 9.499992
36.271114 8.522265

Step 636
02.598311 8.499996
15.499139 5.509702
23.598311 9.499992
36.294003 8.520039

Step 637
02.598311 8.499996
15.499139 5.509702
23.598311 9.499992
36.314603 8.518035

Step 638
02.598311 8.499996
15.499139 5.509702
23.598311 9.499992
36.333143 8.516232

Step 639
02.598311 8.499996
15.499139 5.509702
23.598311 9.499992
36.349829 8.514608

Step 640
02.598311 8.499996
15.499139 5.509702
23.598311 9.499992
36.364846 8.513147

Step 641
02.598311 8.499996
15.499139 5.509702
23.598311 9.499992
36.378361 8.511832

Step 642
02.598311 8.499996
15.499139 5.509702
23.598311 9.499992
36.390525 8.510649

Step 643
02.598311 8.499996
15.499139 5.509702
23.598311 9.499992
36.401473 8.509583

Step 644
02.598311 8.499996
15.499139 5.509702
23.598311 9.499992
36.501469 8.508711

Step 645
02.598311 8.499996
15.499139 5.509702
23.598311 9.499992
36.601322 8.507840

Step 646
02.598311 8.499996
15.499139 5.509702
23.598311 9.499992
36.691190 8.507056

Step 647
02.598311 8.499996
15.499139 5.509702
23.598311 9.499992
36.772071 8.506351

Step 648
02.598311 8.499996
15.499139 5.509702
23.598311 9.499992
36.844864 8.505715

Step 649
02.598311 8.499996
15.499139 5.509702
23.598311 9.499992
36.910378 8.505144

Step 650
02.598311 8.499996
15.499139 5.509702
23.598311 9.499992
36.969340 8.504630

Step 651
02.598311 8.499996
15.499139 5.509702
23.598311 9.499992
37.022406 8.504168

Step 652
02.598311 8.499996
15.499139 5.509702
23.598311 9.499992
37.070165 8.503751

Step 653
02.598311 8.499996
15.499139 5.509702
23.598311 9.499992
37.113149 8.503376

Step 654
02.598311 8.499996
15.499139 5.509702
23.598311 9.499992
37.151834 8.503038

Step 655
02.598311 8.499996
15.499139 5.509702
23.598311 9.499992
37.186651 8.502734

Step 656
02.598311 8.499996
15.499139 5.509702
23.598311 9.499992
37.217986 8.502460

Step 657
02.598311 8.499996
15.499139 5.509702
23.598311 9.499992
37.246187 8.502214

Step 658
02.598311 8.499996
15.499139 5.509702
23.598311 9.499992
37.271568 8.501993

Step 659
02.598311 8.499996
15.499139 5.509702
23.598311 9.499992
37.294412 8.501794

Step 660
02.598311 8.499996
15.499139 5.509702
23.598311 9.499992
37.314970 8.501615

Step 661
02.598311 8.499996
15.499139 5.509702
23.598311 9.499992
37.333473 8.501453

Step 662
02.598311 8.499996
15.499139 5.509702
23.598311 9.499992
37.350126 8.501308

Step 663
02.598311 8.499996
15.499139 5.509702
23.598311 9.499992
37.365113 8.501178

Step 664
02.598311 8.499996
15.499139 5.509702
23.598311 9.499992
37.378602 8.501060

Step 665
02.598311 8.499996
15.499139 5.509702
23.598311 9.499992
37.390742 8.500955

Step 666
02.598311 8.499996
15.499139 5.509702
23.598311 9.499992
37.401668 8.500859

Step 667
02.598311 8.499996
15.499139 5.509702
23.598311 9.499992
37.411445 8.401339

Step 668
02.598311 8.499996
15.499139 5.509702
23.598311 9.499992
37.420300 8.311205

Step 669
02.598311 8.499996
15.499139 5.509702
23.598311 9.499992
37.428270 8.230084

Step 670
02.598311 8.499996
15.499139 5.509702
23.598311 9.499992
37.435443 8.157076

Step 671
02.598311 8.499996
15.499139 5.509702
23.598311 9.499992
37.441899 8.091369

Step 672
02.598311 8.499996
15.499139 5.509702
23.598311 9.499992
37.447710 8.032232

Step 673
02.598311 8.499996
15.499139 5.509702
23.598311 9.499992
37.452939 7.979009

Step 674
02.598311 8.499996
15.499139 5.509702
23.598311 9.499992
37.457644 7.931108

Step 675
02.598311 8.499996
15.499139 5.509702
23.598311 9.499992
37.461880 7.887998

Step 676
02.598311 8.499996
15.499139 5.509702
23.598311 9.499992
37.465692 7.849198

Step 677
02.598311 8.499996
15.499139 5.509702
23.598311 9.499992
37.469123 7.814278

Step 678
02.598311 8.499996
15.499139 5.509702
23.598311 9.499992
37.472210 7.782850

Step 679
02.598311 8.499996
15.499139 5.509702
23.598311 9.499992
37.474989 7.754565

Step 680
02.598311 8.499996
15.499139 5.509702
23.598311 9.499992
37.477490 7.729109

Step 681
02.598311 8.499996
15.499139 5.509702
23.598311 9.499992
37.479742 7.706198

Step 682
02.598311 8.499996
15.499139 5.509702
23.598311 9.499992
37.481768 7.685578

Step 683
02.598311 8.499996
15.499139 5.509702
23.598311 9.499992
37.483591 7.667020

Step 684
02.598311 8.499996
15.499139 5.509702
23.598311 9.499992
37.485232 7.650318

Step 685
02.598311 8.499996
15.499139 5.509702
23.598311 9.499992
37.486709 7.635286

Step 686
02.598311 8.499996
15.499139 5.509702
23.598311 9.499992
37.488038 7.621758

Step 687
02.598311 8.499996
15.499139 5.509702
23.598311 9.499992
37.489234 7.609582

Step 688
02.598311 8.499996
15.499139 5.509702
23.598311 9.499992
37.490311 7.598624

Step 689
02.598311 8.499996
15.499139 5.509702
23.598311 9.499992
37.491193 7.498628

Step 690
02.598311 8.499996
15.499139 5.509702
23.598311 9.499992
37.492074 7.398765

Step 691
02.598311 8.499996
15.499139 5.509702
23.598311 9.499992
37.492866 7.308888

Step 692
02.598311 8.499996
15.499139 5.509702
23.598311 9.499992
37.493579 7.228000

Step 693
02.598311 8.499996
15.499139 5.509702
23.598311 9.499992
37.494222 7.155200

Step 694
02.598311 8.499996
15.499139 5.509702
23.598311 9.499992
37.494800 7.089680

Step 695
02.598311 8.499996
15.499139 5.509702
23.598311 9.499992
37.495320 7.030712

Step 696
02.598311 8.499996
15.499139 5.509702
23.598311 9.499992
37.495788 6.977641

Step 697
02.598311 8.499996
15.499139 5.509702
23.598311 9.499992
37.496209 6.929876

Step 698
02.598311 8.499996
15.499139 5.509702
23.598311 9.499992
37.496588 6.886889

Step 699
02.598311 8.499996
15.499139 5.509702
23.598311 9.499992
37.496929 6.848200

Step 700
02.598311 8.499996
15.499139 5.509702
23.598311 9.499992
37.497236 6.813380

Step 701
02.598311 8.499996
15.499139 5.509702
23.598311 9.499992
37.497513 6.782042

Step 702
02.598311 8.499996
15.499139 5.509702
23.598311 9.499992
37.497762 6.753838

Step 703
02.598311 8.499996
15.499139 5.509702
23.598311 9.499992
37.497985 6.728454

Step 704
02.598311 8.499996
15.499139 5.509702
23.598311 9.499992
37.498187 6.705608

Step 705
02.598311 8.499996
15.499139 5.509702
23.598311 9.499992
37.498368 6.685048

Step 706
02.598311 8.499996
15.499139 5.509702
23.598311 9.499992
37.498531 6.666543

Step 707
02.598311 8.499996
15.499139 5.509702
23.598311 9.499992
37.498678 6.649889

Step 708
02.598311 8.499996
15.499139 5.509702
23.598311 9.499992
37.498810 6.634900

Step 709
02.598311 8.499996
15.499139 5.509702
23.598311 9.499992
37.498929 6.621409

Step 710
02.598311 8.499996
15.499139 5.509702
23.598311 9.499992
37.499036 6.609269

Step 711
02.598311 8.499996
15.499139 5.509702
23.598311 9.499992
37.499133 6.598342

Step 712
02.598311 8.499996
15.499139 5.509702
23.598311 9.499992
37.399613 6.588547

Step 713
02.598311 8.499996
15.499139 5.509702
23.598311 9.499992
37.309652 6.579692

Step 714
02.598311 8.499996
15.499139 5.509702
23.598311 9.499992
37.228687 6.571723

Step 715
02.598311 8.499996
15.499139 5.509702
23.598311 9.499992
37.155818 6.564550

Step 716
02.598311 8.499996
15.499139 5.509702
23.598311 9.499992
37.090236 6.558095

Step 717
02.598311 8.499996
15.499139 5.509702
23.598311 9.499992
37.031213 6.552286

Step 718
02.598311 8.499996
15.499139 5.509702
23.598311 9.499992
36.978092 6.547058

Step 719
02.598311 8.499996
15.499139 5.509702
23.598311 9.499992
36.930283 6.542352

Step 720
02.598311 8.499996
15.499139 5.509702
23.598311 9.499992
36.887254 6.538116

Step 721
02.598311 8.499996
15.499139 5.509702
23.598311 9.499992
36.848529 6.534305

Step 722
02.598311 8.499996
15.499139 5.509702
23.598311 9.499992
36.813676 6.530874

Step 723
02.598311 8.499996
15.499139 5.509702
23.598311 9.499992
36.782308 6.527787

Step 724
02.598311 8.499996
15.499139 5.509702
23.598311 9.499992
36.754077 6.525008

Step 725
02.598311 8.499996
15.499139 5.509702
23.598311 9.499992
36.728670 6.522507

Step 726
02.598311 8.499996
15.499139 5.509702
23.598311 9.499992
36.705803 6.520257

Step 727
02.598311 8.499996
15.499139 5.509702
23.598311 9.499992
36.685223 6.518231

Step 728
02.598311 8.499996
15.499139 5.509702
23.598311 9.499992
36.666700 6.516408

Step 729
02.598311 8.499996
15.499139 5.509702
23.598311 9.499992
36.650030 6.514767

Step 730
02.598311 8.499996
15.499139 5.509702
23.598311 9.499992
36.635027 6.513290

Step 731
02.598311 8.499996
15.499139 5.509702
23.598311 9.499992
36.621524 6.511961

Step 732
02.598311 8.499996
15.499139 5.509702
23.598311 9.499992
36.609372 6.510765

Step 733
02.598311 8.499996
15.499139 5.509702
23.598311 9.499992
36.598435 6.509688

Step 734
02.598311 8.499996
15.499139 5.509702
23.598311 9.499992
36.498439 6.508806

Step 735
02.598311 8.499996
15.499139 5.509702
23.598311 9.499992
36.398595 6.507926

Step 736
02.598311 8.499996
15.499139 5.509702
23.598311 9.499992
36.308735 6.507133

Step 737
02.598311 8.499996
15.499139 5.509702
23.598311 9.499992
36.227862 6.506420

Step 738
02.598311 8.499996
15.499139 5.509702
23.598311 9.499992
36.155076 6.505778

Step 739
02.598311 8.499996
15.499139 5.509702
23.598311 9.499992
36.089568 6.505200

Step 740
02.598311 8.499996
15.499139 5.509702
23.598311 9.499992
36.030612 6.504680

Step 741
02.598311 8.499996
15.499139 5.509702
23.598311 9.499992
35.977551 6.504212

Step 742
02.598311 8.499996
15.499139 5.509702
23.598311 9.499992
35.929795 6.503791

Step 743
02.598311 8.499996
15.499139 5.509702
23.598311 9.499992
35.886816 6.503412

Step 744
02.598311 8.499996
15.499139 5.509702
23.598311 9.499992
35.848134 6.503071

Step 745
02.598311 8.499996
15.499139 5.509702
23.598311 9.499992
35.813321 6.502764

Step 746
02.598311 8.499996
15.499139 5.509702
23.598311 9.499992
35.781989 6.502487

Step 747
02.598311 8.499996
15.499139 5.509702
23.598311 9.499992
35.753790 6.502238

Step 748
02.598311 8.499996
15.499139 5.509702
23.598311 9.499992
35.728411 6.502015

Step 749
02.598311 8.499996
15.499139 5.509702
23.598311 9.499992
35.705570 6.501813

Step 750
02.598311 8.499996
15.499139 5.509702
23.598311 9.499992
35.685013 6.501632

Step 751
02.598311 8.499996
15.499139 5.509702
23.598311 9.499992
35.666512 6.501469

Step 752
02.598311 8.499996
15.499139 5.509702
23.598311 9.499992
35.649860 6.501322

Step 753
02.598311 8.499996
15.499139 5.509702
23.598311 9.499992
35.634874 6.501190

Step 754
02.598311 8.499996
15.499139 5.509702
23.598311 9.499992
35.621387 6.501071

Step 755
02.598311 8.499996
15.499139 5.509702
23.598311 9.499992
35.609248 6.500964

Step 756
02.598311 8.499996
15.499139 5.509702
23.598311 9.499992
35.598323 6.500867

Step 757
02.598311 8.499996
15.499225 5.608732
23.598311 9.499992
35.498323 6.500788

Step 758
02.598311 8.499996
15.499303 5.697859
23.598311 9.499992
35.398491 6.500710

Step 759
02.598311 8.499996
15.499372 5.778073
23.598311 9.499992
35.308642 6.500638

Step 760
02.598311 8.499996
15.499435 5.850266
23.598311 9.499992
35.227777 6.500575

Step 761
02.598311 8.499996
15.499492 5.915239
23.598311 9.499992
35.155000 6.500517

Step 762
02.598311 8.499996
15.499543 5.973715
23.598311 9.499992
35.089500 6.500465

Step 763
02.598311 8.499996
15.499588 6.026343
23.598311 9.499992
35.030550 6.500419

Step 764
02.598311 8.499996
15.499629 6.073709
23.598311 9.499992
34.977495 6.500377

Step 765
02.598311 8.499996
15.499667 6.116338
23.598311 9.499992
34.929746 6.500339

Step 766
02.598311 8.499996
15.499700 6.154705
23.598311 9.499992
34.886771 6.500305

Step 767
02.598311 8.499996
15.499730 6.189234
23.598311 9.499992
34.848094 6.500275

Step 768
02.598311 8.499996
15.499757 6.220311
23.598311 9.499992
34.813284 6.500247

Step 769
02.598311 8.499996
15.499782 6.248280
23.598311 9.499992
34.781956 6.500222

Step 770
02.598311 8.499996
15.499804 6.273452
23.598311 9.499992
34.753760 6.500200

Step 771
02.598311 8.499996
15.499823 6.296107
23.598311 9.499992
34.728384 6.500180

Step 772
02.598311 8.499996
15.499841 6.316496
23.598311 9.499992
34.705546 6.500162

Step 773
02.598311 8.499996
15.499856 6.334846
23.598311 9.499992
34.684991 6.500145

Step 774
02.598311 8.499996
15.499871 6.351362
23.598311 9.499992
34.666492 6.500131

Step 775
02.598311 8.499996
15.499884 6.366226
23.598311 9.499992
34.649843 6.500118

Step 776
02.598311 8.499996
15.499895 6.379603
23.598311 9.499992
34.634859 6.500106

Step 777
02.598311 8.499996
15.499906 6.391643
23.598311 9.499992
34.621373 6.500095

Step 778
02.598311 8.499996
15.499915 6.402479
23.598311 9.499992
34.609236 6.500086

Step 779
02.598311 8.499996
15.499924 6.412231
23.598311 9.499992
34.598312 6.500077

Step 780
02.598311 8.499996
15.400307 6.420975
23.598311 9.499992
34.498312 6.500070

Step 781
02.598311 8.499996
15.310276 6.428877
23.598311 9.499992
34.398481 6.500063

Step 782
02.598311 8.499996
15.229249 6.435989
23.598311 9.499992
34.308633 6.500057

Step 783
02.598311 8.499996
15.156323 6.442390
23.598311 9.499992
34.227770 6.500051

Step 784
02.598311 8.499996
15.090691 6.448152
23.598311 9.499992
34.154993 6.500046

Step 785
02.598311 8.499996
15.031622 6.453336
23.598311 9.499992
34.089494 6.500041

Step 786
02.598311 8.499996
14.978460 6.458003
23.598311 9.499992
34.030544 6.500037

Step 787
02.598311 8.499996
14.930614 6.462202
23.598311 9.499992
33.977490 6.500033

Step 788
02.598311 8.499996
14.887553 6.465982
23.598311 9.499992
33.929741 6.500030

Step 789
02.598311 8.499996
14.848797 6.469384
23.598311 9.499992
33.886767 6.500027

Step 790
02.598311 8.499996
14.813918 6.472445
23.598311 9.499992
33.848090 6.500024

Step 791
02.598311 8.499996
14.782526 6.475201
23.598311 9.499992
33.813281 6.500021

Step 792
02.598311 8.499996
14.754273 6.477681
23.598311 9.499992
33.781953 6.500019

Step 793
02.598311 8.499996
14.728846 6.479913
23.598311 9.499992
33.753757 6.500017

Step 794
02.598311 8.499996
14.705961 6.481922
23.598311 9.499992
33.728382 6.500015

Step 795
02.598311 8.499996
14.685365 6.483730
23.598311 9.499992
33.705544 6.500014

Step 796
02.598311 8.499996
14.666829 6.485357
23.598311 9.499992
33.684989 6.500012

Step 797
02.598311 8.499996
14.650146 6.486821
23.598311 9.499992
33.666490 6.500011

Step 798
02.598311 8.499996
14.635131 6.488139
23.598311 9.499992
33.649841 6.500010

Step 799
02.598311 8.499996
14.621618 6.489325
23.598311 9.499992
33.634857 6.500009

Step 800
02.598311 8.499996
14.609456 6.490393
23.598311 9.499992
33.621372 6.500008

Step 801
02.598311 8.499996
14.598510 6.491354
23.598311 9.499992
33.609234 6.500007

Step 802
02.598311 8.499996
14.588659 6.492218
23.598311 9.499992
33.598311 6.500007

Step 803
02.598311 8.499996
14.588659 6.492218
23.598311 9.499992
33.588527 6.400486

Step 804
02.598311 8.499996
14.588659 6.492218
23.598311 9.499992
33.579674 6.310438

Step 805
02.598311 8.499996
14.588659 6.492218
23.598311 9.499992
33.571707 6.229394

Step 806
02.598311 8.499996
14.588659 6.492218
23.598311 9.499992
33.564536 6.156455

Step 807
02.598311 8.499996
14.588659 6.492218
23.598311 9.499992
33.558083 6.090809

Step 808
02.598311 8.499996
14.588659 6.492218
23.598311 9.499992
33.552274 6.031728

Step 809
02.598311 8.499996
14.588659 6.492218
23.598311 9.499992
33.547047 5.978555

Step 810
02.598311 8.499996
14.588659 6.492218
23.598311 9.499992
33.542342 5.930700

Step 811
02.598311 8.499996
14.588659 6.492218
23.598311 9.499992
33.538108 5.887630

Step 812
02.598311 8.499996
14.588659 6.492218
23.598311 9.499992
33.534297 5.848867

Step 813
02.598311 8.499996
14.588659 6.492218
23.598311 9.499992
33.530867 5.813980

Step 814
02.598311 8.499996
14.588659 6.492218
23.598311 9.499992
33.527781 5.782582

Step 815
02.598311 8.499996
14.588659 6.492218
23.598311 9.499992
33.525002 5.754324

Step 816
02.598311 8.499996
14.588659 6.492218
23.598311 9.499992
33.522502 5.728891

Step 817
02.598311 8.499996
14.588659 6.492218
23.598311 9.499992
33.520252 5.706002

Step 818
02.598311 8.499996
14.588659 6.492218
23.598311 9.499992
33.518227 5.685402

Step 819
02.598311 8.499996
14.588659 6.492218
23.598311 9.499992
33.516404 5.666862

Step 820
02.598311 8.499996
14.588659 6.492218
23.598311 9.499992
33.514764 5.650176

Step 821
02.598311 8.499996
14.588659 6.492218
23.598311 9.499992
33.513288 5.635158

Step 822
02.598311 8.499996
14.588659 6.492218
23.598311 9.499992
33.511959 5.621642

Step 823
02.598311 8.499996
14.588659 6.492218
23.598311 9.499992
33.510763 5.609478

Step 824
02.598311 8.499996
14.588659 6.492218
23.598311 9.499992
33.509687 5.598530

Step 825
02.598311 8.499996
14.588659 6.492218
23.598311 9.499992
33.509466 5.598242

Step 826
02.614310 8.490730
14.798652 6.494011
23.808311 9.499994
33.608766 5.486093

Step 827
02.731835 8.480967
15.008644 6.495804
24.018311 9.499996
33.766109 5.436785

Step 828
02.901226 8.476185
15.218637 6.497597
24.228311 9.499998
33.945794 5.427199

Step 829
03.095895 8.479007
15.428629 6.499391
24.438311 9.500000
34.136353 5.444327

Step 830
03.302215 8.488542
15.623451 6.518275
24.606955 9.567501
34.339051 5.475634

Step 831
03.511863 8.500688
15.772549 6.641963
24.416116 9.556367
34.542789 5.505381

Step 832
03.512018 8.499717
15.920359 6.759114
24.568020 9.579612
34.542789 5.505381

Step 833
03.512018 8.499717
15.994699 6.803035
24.668593 9.481116
34.542789 5.505381

Step 834
03.512018 8.499717
16.088376 6.735642
24.721442 9.442715
34.542789 5.505381

Step 835
03.512018 8.499717
16.091400 6.585354
24.749787 9.430845
34.542789 5.505381

Step 836
03.512018 8.499717
16.068917 6.462375
24.751240 9.508242
34.542789 5.505381

Step 837
03.512018 8.499717
16.045342 6.377625
24.564121 9.590997
34.542789 5.505381

Step 838
03.512018 8.499717
16.026308 6.321994
24.408805 9.621901
34.542789 5.505381

Step 839
03.512018 8.499717
16.012470 6.286405
24.485939 9.671885
34.542789 5.505381

Step 840
03.512018 8.499717
16.002902 6.263885
24.625027 9.554461
34.542789 5.505381

Step 841
03.512018 8.499717
16.001602 6.261564
24.681156 9.424064
34.542789 5.505381

Step 842
03.512018 8.499717
15.927981 6.404438
24.730811 9.442218
34.542789 5.505381

Step 843
03.512018 8.499717
15.730545 6.475985
24.689260 9.573163
34.542789 5.505381

Step 844
03.512018 8.499717
15.522616 6.505406
24.483325 9.614283
34.542789 5.505381

Step 845
03.512018 8.499717
15.418652 6.520117
24.464059 9.651763
34.542789 5.505381

Step 846
03.512018 8.499717
15.366669 6.527472
24.506265 9.669860
34.542789 5.505381

Step 847
03.512018 8.499717
15.340678 6.531150
24.614651 9.536183
34.542789 5.505381

Step 848
03.512018 8.499717
15.536209 6.563374
24.661381 9.428191
34.542789 5.505381

Step 849
03.512018 8.499717
15.657663 6.562305
24.695757 9.419911
34.542789 5.505381

Step 850
03.512018 8.499717
15.714704 6.565556
24.706468 9.432633
34.542789 5.505381

Step 851
03.512018 8.499717
15.736889 6.571687
24.695628 9.448331
34.542789 5.505381

Step 852
03.512018 8.499717
15.738242 6.579146
24.677187 9.456866
34.542789 5.505381

Step 853
03.512018 8.499717
15.726393 6.585171
24.659468 9.461180
34.542789 5.505381

Step 854
03.512018 8.499717
15.708026 6.587695
24.643521 9.465062
34.542789 5.505381

Step 855
03.512018 8.499717
15.688416 6.587301
24.629169 9.468555
34.542789 5.505381

Step 856
03.512018 8.499717
15.670122 6.585275
24.616252 9.471700
34.542789 5.505381

Step 857
03.512018 8.499717
15.653893 6.582199
24.604627 9.474529
34.542789 5.505381

Step 858
03.512018 8.499717
15.639601 6.578237
24.594164 9.477077
34.542789 5.505381

Step 859
03.512018 8.499717
15.626818 6.573523
24.594164 9.477077
34.542789 5.505381

Step 860
03.512018 8.499717
15.615136 6.568236
24.594164 9.477077
34.542789 5.505381

Step 861
03.512018 8.499717
15.604269 6.562550
24.594164 9.477077
34.542761 5.505333

Step 862
03.512018 8.499717
15.594019 6.556575
24.594164 9.477077
34.542686 5.505214

Step 863
03.512018 8.499717
15.584617 6.550918
24.594164 9.477077
34.542554 5.505022